<?xml version="1.0" encoding="UTF-8"?>
<testng-results skipped="0" failed="0" ignored="0" total="1" passed="1">
  <reporter-output>
  </reporter-output>
  <suite name="Default suite" duration-ms="22434" started-at="2020-09-16T06:45:02Z" finished-at="2020-09-16T06:45:24Z">
    <groups>
    </groups>
    <test name="Default test" duration-ms="22434" started-at="2020-09-16T06:45:02Z" finished-at="2020-09-16T06:45:24Z">
      <class name="com.testcases.OrangeHrmLoginTestCase">
        <test-method status="PASS" signature="launchApp()[pri:0, instance:com.testcases.OrangeHrmLoginTestCase@62b3df3a]" name="launchApp" is-config="true" duration-ms="17497" started-at="2020-09-16T06:45:02Z" finished-at="2020-09-16T06:45:19Z">
          <reporter-output>
          </reporter-output>
        </test-method> <!-- launchApp -->
        <test-method status="PASS" signature="login()[pri:0, instance:com.testcases.OrangeHrmLoginTestCase@62b3df3a]" name="login" duration-ms="2416" started-at="2020-09-16T06:45:19Z" finished-at="2020-09-16T06:45:22Z">
          <reporter-output>
          </reporter-output>
        </test-method> <!-- login -->
        <test-method status="PASS" signature="closeApp()[pri:0, instance:com.testcases.OrangeHrmLoginTestCase@62b3df3a]" name="closeApp" is-config="true" duration-ms="2026" started-at="2020-09-16T06:45:22Z" finished-at="2020-09-16T06:45:24Z">
          <reporter-output>
          </reporter-output>
        </test-method> <!-- closeApp -->
      </class> <!-- com.testcases.OrangeHrmLoginTestCase -->
    </test> <!-- Default test -->
  </suite> <!-- Default suite -->
</testng-results>
